[2026-03-05 12:28:30,335] INFO - crop_yield_prediction.components.data_preprocessing - Starting Data Preprocessing !
[2026-03-05 12:28:30,335] INFO - crop_yield_prediction.components.data_preprocessing - Loading train and test data
[2026-03-05 12:28:30,364] INFO - crop_yield_prediction.components.data_preprocessing - Train shape: (19769, 8)
[2026-03-05 12:28:30,364] INFO - crop_yield_prediction.components.data_preprocessing - Test shape: (8473, 8)
[2026-03-05 17:45:40,922] INFO - crop_yield_prediction.components.data_preprocessing - Starting Data Preprocessing !
[2026-03-05 17:45:40,922] INFO - crop_yield_prediction.components.data_preprocessing - Loading train and test data
[2026-03-05 17:45:40,945] INFO - crop_yield_prediction.components.data_preprocessing - Train shape: (19769, 8)
[2026-03-05 17:45:40,945] INFO - crop_yield_prediction.components.data_preprocessing - Test shape: (8473, 8)
[2026-03-05 17:47:22,725] INFO - crop_yield_prediction.components.data_preprocessing - Starting Data Preprocessing !
[2026-03-05 17:47:22,725] INFO - crop_yield_prediction.components.data_preprocessing - Loading train and test data
[2026-03-05 17:47:22,747] INFO - crop_yield_prediction.components.data_preprocessing - Train shape: (19769, 8)
[2026-03-05 17:47:22,747] INFO - crop_yield_prediction.components.data_preprocessing - Test shape: (8473, 8)
[2026-03-05 17:47:22,748] INFO - crop_yield_prediction.components.data_preprocessing - Applying StandardScaler
[2026-03-05 17:48:30,429] INFO - crop_yield_prediction.components.data_preprocessing - Starting Data Preprocessing !
[2026-03-05 17:48:30,429] INFO - crop_yield_prediction.components.data_preprocessing - Loading train and test data
[2026-03-05 17:48:30,452] INFO - crop_yield_prediction.components.data_preprocessing - Train shape: (19769, 8)
[2026-03-05 17:48:30,452] INFO - crop_yield_prediction.components.data_preprocessing - Test shape: (8473, 8)
[2026-03-05 17:48:30,453] INFO - crop_yield_prediction.components.data_preprocessing - Applying StandardScaler
[2026-03-05 17:57:36,447] INFO - crop_yield_prediction.components.data_preprocessing - Starting Data Preprocessing !
[2026-03-05 17:57:36,447] INFO - crop_yield_prediction.components.data_preprocessing - Loading train and test data
[2026-03-05 17:57:36,470] INFO - crop_yield_prediction.components.data_preprocessing - Train shape: (19769, 8)
[2026-03-05 17:57:36,470] INFO - crop_yield_prediction.components.data_preprocessing - Test shape: (8473, 8)
[2026-03-05 17:57:36,472] INFO - crop_yield_prediction.components.data_preprocessing - Numeric columns: ['Unnamed: 0', 'Year', 'average_rain_fall_mm_per_year', 'pesticides_tonnes', 'avg_temp']
[2026-03-05 17:57:36,472] INFO - crop_yield_prediction.components.data_preprocessing - Categorical columns: ['Area', 'Item']
[2026-03-05 17:59:25,688] INFO - crop_yield_prediction.components.data_preprocessing - Starting Data Preprocessing !
[2026-03-05 17:59:25,688] INFO - crop_yield_prediction.components.data_preprocessing - Loading train and test data
[2026-03-05 17:59:25,709] INFO - crop_yield_prediction.components.data_preprocessing - Train shape: (19769, 8)
[2026-03-05 17:59:25,709] INFO - crop_yield_prediction.components.data_preprocessing - Test shape: (8473, 8)
[2026-03-05 17:59:25,711] INFO - crop_yield_prediction.components.data_preprocessing - Numeric columns: ['Unnamed: 0', 'Year', 'average_rain_fall_mm_per_year', 'pesticides_tonnes', 'avg_temp']
[2026-03-05 17:59:25,711] INFO - crop_yield_prediction.components.data_preprocessing - Categorical columns: ['Area', 'Item']
[2026-03-05 18:01:34,311] INFO - crop_yield_prediction.components.data_preprocessing - Starting Data Preprocessing !
[2026-03-05 18:01:34,311] INFO - crop_yield_prediction.components.data_preprocessing - Loading train and test data
[2026-03-05 18:01:34,332] INFO - crop_yield_prediction.components.data_preprocessing - Train shape: (19769, 8)
[2026-03-05 18:01:34,332] INFO - crop_yield_prediction.components.data_preprocessing - Test shape: (8473, 8)
[2026-03-05 18:01:34,334] INFO - crop_yield_prediction.components.data_preprocessing - Numeric columns: ['Unnamed: 0', 'Year', 'average_rain_fall_mm_per_year', 'pesticides_tonnes', 'avg_temp']
[2026-03-05 18:01:34,334] INFO - crop_yield_prediction.components.data_preprocessing - Categorical columns: ['Area', 'Item']
[2026-03-05 18:03:40,275] INFO - crop_yield_prediction.components.data_preprocessing - Starting Data Preprocessing!
[2026-03-05 18:03:40,275] INFO - crop_yield_prediction.components.data_preprocessing - Loading train and test data
[2026-03-05 18:03:40,296] INFO - crop_yield_prediction.components.data_preprocessing - Train shape: (19769, 8)
[2026-03-05 18:03:40,296] INFO - crop_yield_prediction.components.data_preprocessing - Test shape: (8473, 8)
[2026-03-05 18:03:40,298] INFO - crop_yield_prediction.components.data_preprocessing - Numeric columns: ['Unnamed: 0', 'Year', 'average_rain_fall_mm_per_year', 'pesticides_tonnes', 'avg_temp']
[2026-03-05 18:03:40,298] INFO - crop_yield_prediction.components.data_preprocessing - Categorical columns: ['Area', 'Item']
[2026-03-05 18:03:41,496] INFO - crop_yield_prediction.components.data_preprocessing - Data Preprocessing Completed!
