[2026-03-05 12:26:07,456] INFO - __main__ - PIPELINE STARTED
[2026-03-05 12:26:07,456] INFO - __main__ - Starting Data Ingestion
[2026-03-05 12:26:07,456] INFO - crop_yield_prediction.pipeline.stage_01_data_ingestion - Data Ingestion Stage is started...
[2026-03-05 12:26:07,642] INFO - crop_yield_prediction.pipeline.stage_01_data_ingestion - Data Ingestion Stage is completed !
[2026-03-05 12:26:07,642] INFO - __main__ - Starting Data Validation
[2026-03-05 12:26:07,642] INFO - crop_yield_prediction.pipeline.stage_02_data_validation - Data Validation Stage is started...
[2026-03-05 12:26:07,670] INFO - crop_yield_prediction.pipeline.stage_02_data_validation - Data Validation Stage is completed !
[2026-03-05 12:26:07,670] INFO - __main__ - Starting Data Preprocessing
[2026-03-05 12:26:07,671] INFO - crop_yield_prediction.pipeline.stage_03_data_preprocessing - Data Preprcessing Stage is started...
[2026-03-05 12:28:30,132] INFO - __main__ - PIPELINE STARTED
[2026-03-05 12:28:30,132] INFO - __main__ - Starting Data Ingestion
[2026-03-05 12:28:30,132] INFO - crop_yield_prediction.pipeline.stage_01_data_ingestion - Data Ingestion Stage is started...
[2026-03-05 12:28:30,307] INFO - crop_yield_prediction.pipeline.stage_01_data_ingestion - Data Ingestion Stage is completed !
[2026-03-05 12:28:30,307] INFO - __main__ - Starting Data Validation
[2026-03-05 12:28:30,307] INFO - crop_yield_prediction.pipeline.stage_02_data_validation - Data Validation Stage is started...
[2026-03-05 12:28:30,332] INFO - crop_yield_prediction.pipeline.stage_02_data_validation - Data Validation Stage is completed !
[2026-03-05 12:28:30,332] INFO - __main__ - Starting Data Preprocessing
[2026-03-05 12:28:30,332] INFO - crop_yield_prediction.pipeline.stage_03_data_preprocessing - Data Preprcessing Stage is started...
[2026-03-05 12:36:42,714] INFO - __main__ - ==== Starting Crop Yield Prediction Pipeline ====
[2026-03-05 12:36:42,714] INFO - __main__ - Running stage: stage_01_data_ingestion.py
[2026-03-05 12:36:42,790] ERROR - __main__ - Pipeline stopped! Error in stage stage_01_data_ingestion.py: Command '['python', 'src\\crop_yield_prediction\\pipeline\\stage_01_data_ingestion.py']' returned non-zero exit status 1.
[2026-03-05 12:36:42,790] INFO - __main__ - ==== Pipeline Execution Finished ====
[2026-03-05 12:38:04,223] INFO - __main__ - ==== Starting Crop Yield Prediction Pipeline ====
[2026-03-05 12:38:04,223] INFO - __main__ - Running stage: stage_01_data_ingestion.py
[2026-03-05 12:38:04,291] ERROR - __main__ - Pipeline stopped! Error in stage stage_01_data_ingestion.py: Command '['python', 'src\\crop_yield_prediction\\pipeline\\stage_01_data_ingestion.py']' returned non-zero exit status 1.
[2026-03-05 12:38:04,291] INFO - __main__ - ==== Pipeline Execution Finished ====
[2026-03-05 12:40:45,623] INFO - __main__ - ==== Starting Crop Yield Prediction Pipeline ====
[2026-03-05 12:40:45,623] INFO - __main__ - Running stage: stage_01_data_ingestion.py
[2026-03-05 12:40:45,691] ERROR - __main__ - Pipeline stopped! Error in stage stage_01_data_ingestion.py: Command '['python', 'src\\crop_yield_prediction\\pipeline\\stage_01_data_ingestion.py']' returned non-zero exit status 1.
[2026-03-05 12:40:45,691] INFO - __main__ - ==== Pipeline Execution Finished ====
[2026-03-05 12:41:51,554] INFO - __main__ - ==== Starting Crop Yield Prediction Pipeline ====
[2026-03-05 12:41:51,554] INFO - __main__ - Running stage: stage_01_data_ingestion.py
[2026-03-05 12:41:51,622] ERROR - __main__ - Pipeline stopped! Error in stage stage_01_data_ingestion.py: Command '['python', 'src\\crop_yield_prediction\\pipeline\\stage_01_data_ingestion.py']' returned non-zero exit status 1.
[2026-03-05 12:41:51,623] INFO - __main__ - ==== Pipeline Execution Finished ====
[2026-03-05 12:45:10,984] INFO - __main__ - ==== Starting Crop Yield Prediction Pipeline ====
[2026-03-05 12:45:10,984] INFO - __main__ - Running stage: stage_01_data_ingestion.py
[2026-03-05 12:45:11,051] ERROR - __main__ - Pipeline stopped! Error in stage stage_01_data_ingestion.py: Command '['python', 'src\\crop_yield_prediction\\pipeline\\stage_01_data_ingestion.py']' returned non-zero exit status 1.
[2026-03-05 12:45:11,052] INFO - __main__ - ==== Pipeline Execution Finished ====
[2026-03-05 12:49:52,424] INFO - __main__ - ==== Starting Crop Yield Prediction Pipeline ====
[2026-03-05 12:49:52,424] INFO - __main__ - Running stage: stage_01_data_ingestion.py
[2026-03-05 12:49:52,492] ERROR - __main__ - Pipeline stopped! Error in stage stage_01_data_ingestion.py: Command '['python', 'C:\\Users\\HIMADRI GOSWAMI\\Desktop\\ML EndToEnd Crop Yield Prediction system\\src\\crop_yield_prediction\\pipeline\\stage_01_data_ingestion.py']' returned non-zero exit status 1.
[2026-03-05 12:49:52,493] INFO - __main__ - ==== Pipeline Execution Finished ====
